<?xml version="1.0" encoding="UTF-8"?>
<!-- Generated by org.testng.reporters.JUnitXMLReporter -->
<testsuite ignored="1" hostname="DESKTOP-R8FA6O2" failures="0" tests="1" name="Command line test" time="0.115" errors="0" timestamp="2023-11-10T13:30:00 IST">
  <testcase classname="Practice_package.Read_Data_From_cmdprompt" name="writedata" time="0.015"/>
  <testcase classname="Practice_package.Read_Data_From_cmdprompt" name="readdata" time="0.0">
    <ignored/>
  </testcase> <!-- readdata -->
</testsuite> <!-- Command line test -->
