<?xml version="1.0" encoding="UTF-8"?>
<testng-results ignored="0" total="1" passed="1" failed="0" skipped="0">
  <reporter-output>
  </reporter-output>
  <suite started-at="2023-11-10T16:01:00 IST" name="Practice_package.Cmd_ParameterTest" finished-at="2023-11-10T16:02:23 IST" duration-ms="83125">
    <groups>
    </groups>
    <test started-at="2023-11-10T16:01:00 IST" name="Command line test" finished-at="2023-11-10T16:02:23 IST" duration-ms="83125">
      <class name="Practice_package.Cmd_ParameterTest">
        <test-method signature="cmdParametertest()[pri:0, instance:Practice_package.Cmd_ParameterTest@57175e74]" started-at="2023-11-10T16:01:00 IST" name="cmdParametertest" finished-at="2023-11-10T16:02:23 IST" duration-ms="82923" status="PASS">
          <reporter-output>
          </reporter-output>
        </test-method> <!-- cmdParametertest -->
      </class> <!-- Practice_package.Cmd_ParameterTest -->
    </test> <!-- Command line test -->
  </suite> <!-- Practice_package.Cmd_ParameterTest -->
</testng-results>
