<?xml version="1.0" encoding="UTF-8"?>
<testng-results ignored="0" total="1" passed="1" failed="0" skipped="0">
  <reporter-output>
  </reporter-output>
  <suite started-at="2023-12-10T19:59:34 IST" name="Default suite" finished-at="2023-12-10T19:59:34 IST" duration-ms="105">
    <groups>
    </groups>
    <test started-at="2023-12-10T19:59:34 IST" name="Default test" finished-at="2023-12-10T19:59:34 IST" duration-ms="105">
      <class name="Array_Practice_Program.FindFrequentlyRepeatedNumberInArray">
        <test-method signature="frequentlyRepeated()[pri:0, instance:Array_Practice_Program.FindFrequentlyRepeatedNumberInArray@3c19aaa5]" started-at="2023-12-10T19:59:34 IST" name="frequentlyRepeated" finished-at="2023-12-10T19:59:34 IST" duration-ms="16" status="PASS">
          <reporter-output>
          </reporter-output>
        </test-method> <!-- frequentlyRepeated -->
      </class> <!-- Array_Practice_Program.FindFrequentlyRepeatedNumberInArray -->
    </test> <!-- Default test -->
  </suite> <!-- Default suite -->
</testng-results>
