<?xml version="1.0" encoding="UTF-8"?>
<testng-results ignored="0" total="1" passed="1" failed="0" skipped="0">
  <reporter-output>
  </reporter-output>
  <suite started-at="2024-02-26T13:09:51 IST" name="Default suite" finished-at="2024-02-26T13:09:51 IST" duration-ms="544">
    <groups>
    </groups>
    <test started-at="2024-02-26T13:09:51 IST" name="Default test" finished-at="2024-02-26T13:09:51 IST" duration-ms="544">
      <class name="string_program.Sum_Of_Digits_In_String">
        <test-method signature="SumOfDigitsInString()[pri:0, instance:string_program.Sum_Of_Digits_In_String@351d00c0]" started-at="2024-02-26T13:09:51 IST" name="SumOfDigitsInString" finished-at="2024-02-26T13:09:51 IST" duration-ms="68" status="PASS">
          <reporter-output>
          </reporter-output>
        </test-method> <!-- SumOfDigitsInString -->
      </class> <!-- string_program.Sum_Of_Digits_In_String -->
    </test> <!-- Default test -->
  </suite> <!-- Default suite -->
</testng-results>
