<?xml version="1.0" encoding="UTF-8"?>
<!-- Generated by org.testng.reporters.JUnitReportReporter -->
<testsuite hostname="DESKTOP-R8FA6O2" failures="0" tests="1" name="string_program.With_Position_Occurance_of_Each_Character_In_String_Using_HashMap" time="0.024" errors="0" timestamp="2024-02-23T13:50:21 IST" skipped="0">
  <testcase classname="string_program.With_Position_Occurance_of_Each_Character_In_String_Using_HashMap" name="Occurance" time="0.024"/>
  <system-out/>
</testsuite> <!-- string_program.With_Position_Occurance_of_Each_Character_In_String_Using_HashMap -->
