<?xml version="1.0" encoding="UTF-8"?>
<!-- Generated by org.testng.reporters.JUnitReportReporter -->
<testsuite hostname="DESKTOP-R8FA6O2" failures="0" tests="1" name="string_program.Assignment_Map_With_Arrays_Program" time="0.047" errors="0" timestamp="2024-01-09T16:35:10 IST" skipped="0">
  <testcase classname="string_program.Assignment_Map_With_Arrays_Program" name="RemoveDuplicatesORUNIQUE" time="0.047"/>
  <system-out/>
</testsuite> <!-- string_program.Assignment_Map_With_Arrays_Program -->
