<?xml version="1.0" encoding="UTF-8"?>
<!-- Generated by org.testng.reporters.JUnitReportReporter -->
<testsuite hostname="DESKTOP-R8FA6O2" failures="0" tests="1" name="Automate_Project_Test_Case1.Manufacturer_should_be_able_to_add_products_Test" time="23.828" errors="0" timestamp="2023-11-30T17:47:53 IST" skipped="0">
  <testcase classname="Automate_Project_Test_Case1.Manufacturer_should_be_able_to_add_products_Test" name="test" time="23.828"/>
  <system-out/>
</testsuite> <!-- Automate_Project_Test_Case1.Manufacturer_should_be_able_to_add_products_Test -->
