<?xml version="1.0" encoding="UTF-8"?>
<!-- Generated by org.testng.reporters.JUnitReportReporter -->
<testsuite hostname="DESKTOP-R8FA6O2" failures="0" tests="1" name="Automate_Project_Test_Case1.Manufacturer_shouldbe_able_To_Editproduct_and_Admin_should_be_able_to_see_Edit_product_Test" time="22.771" errors="0" timestamp="2023-11-30T17:48:43 IST" skipped="0">
  <testcase classname="Automate_Project_Test_Case1.Manufacturer_shouldbe_able_To_Editproduct_and_Admin_should_be_able_to_see_Edit_product_Test" name="test" time="22.771"/>
  <system-out/>
</testsuite> <!-- Automate_Project_Test_Case1.Manufacturer_shouldbe_able_To_Editproduct_and_Admin_should_be_able_to_see_Edit_product_Test -->
