<?xml version="1.0" encoding="UTF-8"?>
<!-- Generated by org.testng.reporters.JUnitReportReporter -->
<testsuite hostname="DESKTOP-R8FA6O2" failures="0" tests="1" name="Array_Practice_Program.Print_Repetaed_Numbers_With_Position" time="0.020" errors="0" timestamp="2024-01-28T11:27:57 IST" skipped="0">
  <testcase classname="Array_Practice_Program.Print_Repetaed_Numbers_With_Position" name="position" time="0.020"/>
  <system-out/>
</testsuite> <!-- Array_Practice_Program.Print_Repetaed_Numbers_With_Position -->
